#
# A fatal error has been detected by the Java Runtime Environment:
#
#  EXCEPTION_ACCESS_VIOLATION (0xc0000005) at pc=0x000000006c5b3cb7, pid=11648, tid=0x0000000000003f6c
#
# JRE version: Java(TM) SE Runtime Environment (8.0_161-b12) (build 1.8.0_161-b12)
# Java VM: Java HotSpot(TM) 64-Bit Server VM (25.161-b12 mixed mode windows-amd64 compressed oops)
# Problematic frame:
# V  [jvm.dll+0x213cb7]
#
# Failed to write core dump. Minidumps are not enabled by default on client versions of Windows
#
# If you would like to submit a bug report, please visit:
#   http://bugreport.java.com/bugreport/crash.jsp
#

---------------  T H R E A D  ---------------

Current thread (0x000000001bb6d000):  JavaThread "qtp915265357-380" [_thread_in_vm, id=16236, stack(0x0000000056c20000,0x0000000056d20000)]

siginfo: ExceptionCode=0xc0000005, writing address 0x0000000056d17f60

Registers:
RAX=0x0000000056d17f60, RBX=0x0000000000000007, RCX=0x0000000000006000, RDX=0x000000000000000d
RSP=0x0000000056d1df60, RBP=0x0000000000000000, RSI=0x0000000056d1df60, RDI=0x0000000000000007
R8 =0x000000000000000d, R9 =0x0000000023b1c820, R10=0x00000000179f46c0, R11=0x0000000056c2a160
R12=0x0000000023b1c820, R13=0x000000001bb6d000, R14=0x0000000056d1e028, R15=0x00000000179f46c0
RIP=0x000000006c5b3cb7, EFLAGS=0x0000000000010206

Top of Stack: (sp=0x0000000056d1df60)
0x0000000056d1df60:   000000003ce550e8 0000000100002368
0x0000000056d1df70:   000000001bb6d000 0000000023b1c820
0x0000000056d1df80:   00000000ffffffff 000000006c5b4be7
0x0000000056d1df90:   0000000056d1e090 00000000179f46c0
0x0000000056d1dfa0:   000000001bb6d000 000000006c460603
0x0000000056d1dfb0:   0000000056d1dff0 000000001bb6d000
0x0000000056d1dfc0:   0000000056d1e080 000000001bb6d000
0x0000000056d1dfd0:   00000000179f46c0 000000001bb6d000
0x0000000056d1dfe0:   0000000003546c60 000000001bb6d000
0x0000000056d1dff0:   00000000179f46c0 000000001bb6d000
0x0000000056d1e000:   00000000179f46c0 000000001bb6d000
0x0000000056d1e010:   0000000000000001 00000000179f46c0
0x0000000056d1e020:   000000001bb6d000 000000001e697648
0x0000000056d1e030:   000000001bb6d000 000000006c461d6d
0x0000000056d1e040:   0000000056d1e3c0 0000000100002368
0x0000000056d1e050:   000000010000f6a0 0000000056d1edc0 

Instructions: (pc=0x000000006c5b3cb7)
0x000000006c5b3c97:   48 89 6c 24 30 33 ed 66 90 e8 6b 3f 08 00 ff c3
0x000000006c5b3ca7:   48 63 c8 48 8b c6 48 0f af cf 48 ff c7 48 2b c1
0x000000006c5b3cb7:   89 28 48 63 c3 48 3b 05 15 5a 59 00 7e db 48 8b
0x000000006c5b3cc7:   6c 24 30 48 8b 5c 24 38 48 8b 74 24 40 48 83 c4 


Register to memory mapping:

RAX=0x0000000056d17f60 is pointing into the stack for thread: 0x000000001bb6d000
RBX=0x0000000000000007 is an unknown value
RCX=0x0000000000006000 is an unknown value
RDX=0x000000000000000d is an unknown value
RSP=0x0000000056d1df60 is pointing into the stack for thread: 0x000000001bb6d000
RBP=0x0000000000000000 is an unknown value
RSI=0x0000000056d1df60 is pointing into the stack for thread: 0x000000001bb6d000
RDI=0x0000000000000007 is an unknown value
R8 =0x000000000000000d is an unknown value
R9 =0x0000000023b1c820 is an unknown value
R10={method} {0x00000000179f46c8} 'loadClass' '(Ljava/lang/String;)Ljava/lang/Class;' in 'java/lang/ClassLoader'
R11=0x0000000056c2a160 is pointing into the stack for thread: 0x000000001bb6d000
R12=0x0000000023b1c820 is an unknown value
R13=0x000000001bb6d000 is a thread
R14=0x0000000056d1e028 is pointing into the stack for thread: 0x000000001bb6d000
R15={method} {0x00000000179f46c8} 'loadClass' '(Ljava/lang/String;)Ljava/lang/Class;' in 'java/lang/ClassLoader'


Stack: [0x0000000056c20000,0x0000000056d20000],  sp=0x0000000056d1df60,  free space=1015k
Native frames: (J=compiled Java code, j=interpreted, Vv=VM code, C=native code)

Java frames: (J=compiled Java code, j=interpreted, Vv=VM code)
j  ch.qos.logback.classic.spi.ThrowableProxy.getPackagingDataCalculator()Lch/qos/logback/classic/spi/PackagingDataCalculator;+15
j  ch.qos.logback.classic.spi.ThrowableProxy.calculatePackagingData()V+9
j  ch.qos.logback.classic.spi.LoggingEvent.<init>(Ljava/lang/String;Lch/qos/logback/classic/Logger;Lch/qos/logback/classic/Level;Ljava/lang/String;Ljava/lang/Throwable;[Ljava/lang/Object;)V+102
j  ch.qos.logback.classic.Logger.buildLoggingEventAndAppend(Ljava/lang/String;Lorg/slf4j/Marker;Lch/qos/logback/classic/Level;Ljava/lang/String;[Ljava/lang/Object;Ljava/lang/Throwable;)V+13
j  ch.qos.logback.classic.Logger.filterAndLog_0_Or3Plus(Ljava/lang/String;Lorg/slf4j/Marker;Lch/qos/logback/classic/Level;Ljava/lang/String;[Ljava/lang/Object;Ljava/lang/Throwable;)V+57
J 12558 C1 org.eclipse.jetty.util.log.JettyAwareLogger.log(Lorg/slf4j/Marker;ILjava/lang/String;[Ljava/lang/Object;Ljava/lang/Throwable;)V (134 bytes) @ 0x0000000003b59a3c [0x0000000003b59280+0x7bc]
j  org.eclipse.jetty.util.log.JettyAwareLogger.warn(Ljava/lang/String;Ljava/lang/Throwable;)V+7
j  org.eclipse.jetty.util.log.Slf4jLog.warn(Ljava/lang/String;Ljava/lang/Throwable;)V+6
j  org.eclipse.jetty.util.log.Slf4jLog.warn(Ljava/lang/Throwable;)V+4
j  org.eclipse.jetty.util.thread.QueuedThreadPool$3.run()V+557
J 16090 C1 java.lang.Thread.run()V (17 bytes) @ 0x00000000059aa804 [0x00000000059aa6c0+0x144]
v  ~StubRoutines::call_stub

---------------  P R O C E S S  ---------------

Java Threads: ( => current thread )
=>0x000000001bb6d000 JavaThread "qtp915265357-380" [_thread_in_vm, id=16236, stack(0x0000000056c20000,0x0000000056d20000)]
  0x000000001bb62800 JavaThread "qtp915265357-379" [_thread_blocked, id=16408, stack(0x0000000056b20000,0x0000000056c20000)]
  0x000000001bb69800 JavaThread "qtp915265357-378" [_thread_blocked, id=16172, stack(0x0000000056a20000,0x0000000056b20000)]
  0x000000001bb61000 JavaThread "qtp915265357-377" [_thread_blocked, id=16416, stack(0x0000000056920000,0x0000000056a20000)]
  0x000000001bb68000 JavaThread "qtp915265357-376" [_thread_blocked, id=16412, stack(0x0000000056820000,0x0000000056920000)]
  0x000000001bb60800 JavaThread "qtp915265357-375" [_thread_blocked, id=14952, stack(0x0000000056720000,0x0000000056820000)]
  0x000000001bb66800 JavaThread "qtp915265357-372" [_thread_blocked, id=11952, stack(0x0000000056420000,0x0000000056520000)]
  0x000000001bb62000 JavaThread "qtp915265357-371" [_thread_blocked, id=13156, stack(0x0000000056320000,0x0000000056420000)]
  0x000000001b3c7000 JavaThread "qtp915265357-370" [_thread_blocked, id=10244, stack(0x0000000056220000,0x0000000056320000)]
  0x000000001b3c3000 JavaThread "qtp915265357-369" [_thread_blocked, id=15144, stack(0x0000000056120000,0x0000000056220000)]
  0x000000001b3c4800 JavaThread "qtp915265357-368" [_thread_in_native, id=15944, stack(0x0000000056020000,0x0000000056120000)]
  0x000000001b3c2800 JavaThread "qtp915265357-367" [_thread_blocked, id=2420, stack(0x0000000055f20000,0x0000000056020000)]
  0x000000001b3c5800 JavaThread "qtp915265357-366" [_thread_blocked, id=17396, stack(0x0000000055e20000,0x0000000055f20000)]
  0x000000001b3c1800 JavaThread "qtp915265357-365" [_thread_blocked, id=17404, stack(0x0000000055d20000,0x0000000055e20000)]
  0x0000000035710000 JavaThread "SeedGenerator Thread" daemon [_thread_blocked, id=15872, stack(0x000000002ce20000,0x000000002cf20000)]
  0x000000001a3d4800 JavaThread "Service Thread" daemon [_thread_blocked, id=16016, stack(0x000000001ada0000,0x000000001aea0000)]
  0x000000001a33d800 JavaThread "C1 CompilerThread3" daemon [_thread_blocked, id=1148, stack(0x000000001aca0000,0x000000001ada0000)]
  0x000000001a339800 JavaThread "C2 CompilerThread2" daemon [_thread_blocked, id=16072, stack(0x000000001aba0000,0x000000001aca0000)]
  0x000000001a339000 JavaThread "C2 CompilerThread1" daemon [_thread_blocked, id=15924, stack(0x000000001aaa0000,0x000000001aba0000)]
  0x000000001a332000 JavaThread "C2 CompilerThread0" daemon [_thread_blocked, id=3712, stack(0x000000001a9a0000,0x000000001aaa0000)]
  0x000000001a2db800 JavaThread "Attach Listener" daemon [_thread_blocked, id=16188, stack(0x000000001a8a0000,0x000000001a9a0000)]
  0x000000001a330000 JavaThread "Signal Dispatcher" daemon [_thread_blocked, id=15584, stack(0x000000001a7a0000,0x000000001a8a0000)]
  0x000000001a2c0800 JavaThread "Finalizer" daemon [_thread_blocked, id=14516, stack(0x000000001a6a0000,0x000000001a7a0000)]
  0x00000000183cd800 JavaThread "Reference Handler" daemon [_thread_blocked, id=16316, stack(0x000000001a1a0000,0x000000001a2a0000)]
  0x0000000003405000 JavaThread "main" [_thread_blocked, id=16264, stack(0x0000000003300000,0x0000000003400000)]

Other Threads:
  0x00000000183c9000 VMThread [stack: 0x000000001a0a0000,0x000000001a1a0000] [id=11972]
  0x000000001a3d7800 WatcherThread [stack: 0x000000001aea0000,0x000000001afa0000] [id=12040]

VM state:synchronizing (normal execution)

VM Mutex/Monitor currently owned by a thread:  ([mutex/lock_event])
[0x00000000034025d0] Threads_lock - owner thread: 0x00000000183c9000
[0x00000000034042e0] Compile_lock - owner thread: 0x000000001bb60800

Heap:
 PSYoungGen      total 537600K, used 376981K [0x00000000d6400000, 0x0000000100000000, 0x0000000100000000)
  eden space 390656K, 92% used [0x00000000d6400000,0x00000000ec3f3548,0x00000000ee180000)
  from space 146944K, 11% used [0x00000000f7080000,0x00000000f80b1f18,0x0000000100000000)
  to   space 146432K, 0% used [0x00000000ee180000,0x00000000ee180000,0x00000000f7080000)
 ParOldGen       total 181248K, used 109357K [0x0000000082c00000, 0x000000008dd00000, 0x00000000d6400000)
  object space 181248K, 60% used [0x0000000082c00000,0x00000000896cb448,0x000000008dd00000)
 Metaspace       used 232196K, capacity 235366K, committed 235584K, reserved 1253376K
  class space    used 30780K, capacity 31575K, committed 31576K, reserved 1048576K

Card table byte_map: [0x00000000128c0000,0x0000000012cb0000] byte_map_base: 0x00000000124aa000

Marking Bits: (ParMarkBitMap*) 0x000000006cbbf860
 Begin Bits: [0x0000000013750000, 0x00000000156a0000)
 End Bits:   [0x00000000156a0000, 0x00000000175f0000)

Polling page: 0x0000000002e50000

CodeCache: size=245760Kb used=69022Kb max_used=69031Kb free=176737Kb
 bounds [0x0000000003500000, 0x00000000078c0000, 0x0000000012500000]
 total_blobs=19454 nmethods=18656 adapters=710
 compilation: enabled

Compilation events (10 events):
Event: 331.356 Thread 0x000000001a33d800 21061       1       javax.naming.Binding::getObject (5 bytes)
Event: 331.356 Thread 0x000000001a33d800 nmethod 21061 0x0000000007878250 code [0x00000000078783a0, 0x00000000078784b0]
Event: 331.369 Thread 0x000000001a33d800 21063       3       java.lang.ThreadLocal$ThreadLocalMap$Entry::<init> (11 bytes)
Event: 331.369 Thread 0x000000001a33d800 nmethod 21063 0x000000000788e210 code [0x000000000788e380, 0x000000000788e6d0]
Event: 331.381 Thread 0x000000001a332000 21064       4       java.util.concurrent.ThreadLocalRandom::getProbe (13 bytes)
Event: 331.381 Thread 0x000000001a332000 nmethod 21064 0x00000000056f0150 code [0x00000000056f0280, 0x00000000056f02d8]
Event: 331.383 Thread 0x000000001a33d800 21065       1       java.util.concurrent.atomic.AtomicInteger::decrementAndGet (14 bytes)
Event: 331.383 Thread 0x000000001a33d800 nmethod 21065 0x00000000078b7c90 code [0x00000000078b7de0, 0x00000000078b7ef0]
Event: 331.661 Thread 0x000000001a33d800 21066       3       org.objectweb.asm.ClassVisitor::visitTypeAnnotation (39 bytes)
Event: 331.662 Thread 0x000000001a33d800 nmethod 21066 0x00000000078b7650 code [0x00000000078b77e0, 0x00000000078b7b38]

GC Heap History (10 events):
Event: 318.217 GC heap before
{Heap before GC invocations=36 (full 6):
 PSYoungGen      total 437248K, used 437016K [0x00000000d6400000, 0x00000000feb80000, 0x0000000100000000)
  eden space 376320K, 100% used [0x00000000d6400000,0x00000000ed380000,0x00000000ed380000)
  from space 60928K, 99% used [0x00000000ed380000,0x00000000f0ec6130,0x00000000f0f00000)
  to   space 143360K, 0% used [0x00000000f5f80000,0x00000000f5f80000,0x00000000feb80000)
 ParOldGen       total 181248K, used 91919K [0x0000000082c00000, 0x000000008dd00000, 0x00000000d6400000)
  object space 181248K, 50% used [0x0000000082c00000,0x00000000885c3c10,0x000000008dd00000)
 Metaspace       used 192244K, capacity 195006K, committed 195136K, reserved 1218560K
  class space    used 25379K, capacity 26082K, committed 26200K, reserved 1048576K
Event: 318.301 GC heap after
Heap after GC invocations=36 (full 6):
 PSYoungGen      total 513536K, used 98215K [0x00000000d6400000, 0x0000000100000000, 0x0000000100000000)
  eden space 370176K, 0% used [0x00000000d6400000,0x00000000d6400000,0x00000000ecd80000)
  from space 143360K, 68% used [0x00000000f5f80000,0x00000000fbf69d30,0x00000000feb80000)
  to   space 149504K, 0% used [0x00000000ecd80000,0x00000000ecd80000,0x00000000f5f80000)
 ParOldGen       total 181248K, used 94534K [0x0000000082c00000, 0x000000008dd00000, 0x00000000d6400000)
  object space 181248K, 52% used [0x0000000082c00000,0x00000000888518b8,0x000000008dd00000)
 Metaspace       used 192244K, capacity 195006K, committed 195136K, reserved 1218560K
  class space    used 25379K, capacity 26082K, committed 26200K, reserved 1048576K
}
Event: 321.576 GC heap before
{Heap before GC invocations=37 (full 6):
 PSYoungGen      total 513536K, used 468391K [0x00000000d6400000, 0x0000000100000000, 0x0000000100000000)
  eden space 370176K, 100% used [0x00000000d6400000,0x00000000ecd80000,0x00000000ecd80000)
  from space 143360K, 68% used [0x00000000f5f80000,0x00000000fbf69d30,0x00000000feb80000)
  to   space 149504K, 0% used [0x00000000ecd80000,0x00000000ecd80000,0x00000000f5f80000)
 ParOldGen       total 181248K, used 94534K [0x0000000082c00000, 0x000000008dd00000, 0x00000000d6400000)
  object space 181248K, 52% used [0x0000000082c00000,0x00000000888518b8,0x000000008dd00000)
 Metaspace       used 210418K, capacity 213352K, committed 213696K, reserved 1234944K
  class space    used 27830K, capacity 28581K, committed 28632K, reserved 1048576K
Event: 321.600 GC heap after
Heap after GC invocations=37 (full 6):
 PSYoungGen      total 519680K, used 25655K [0x00000000d6400000, 0x0000000100000000, 0x0000000100000000)
  eden space 370176K, 0% used [0x00000000d6400000,0x00000000d6400000,0x00000000ecd80000)
  from space 149504K, 17% used [0x00000000ecd80000,0x00000000ee68dd48,0x00000000f5f80000)
  to   space 146944K, 0% used [0x00000000f7080000,0x00000000f7080000,0x0000000100000000)
 ParOldGen       total 181248K, used 98988K [0x0000000082c00000, 0x000000008dd00000, 0x00000000d6400000)
  object space 181248K, 54% used [0x0000000082c00000,0x0000000088cab328,0x000000008dd00000)
 Metaspace       used 210418K, capacity 213352K, committed 213696K, reserved 1234944K
  class space    used 27830K, capacity 28581K, committed 28632K, reserved 1048576K
}
Event: 323.339 GC heap before
{Heap before GC invocations=38 (full 6):
 PSYoungGen      total 519680K, used 395831K [0x00000000d6400000, 0x0000000100000000, 0x0000000100000000)
  eden space 370176K, 100% used [0x00000000d6400000,0x00000000ecd80000,0x00000000ecd80000)
  from space 149504K, 17% used [0x00000000ecd80000,0x00000000ee68dd48,0x00000000f5f80000)
  to   space 146944K, 0% used [0x00000000f7080000,0x00000000f7080000,0x0000000100000000)
 ParOldGen       total 181248K, used 98988K [0x0000000082c00000, 0x000000008dd00000, 0x00000000d6400000)
  object space 181248K, 54% used [0x0000000082c00000,0x0000000088cab328,0x000000008dd00000)
 Metaspace       used 210504K, capacity 213446K, committed 213696K, reserved 1234944K
  class space    used 27839K, capacity 28587K, committed 28632K, reserved 1048576K
Event: 323.416 GC heap after
Heap after GC invocations=38 (full 6):
 PSYoungGen      total 528896K, used 78337K [0x00000000d6400000, 0x00000000ffa80000, 0x0000000100000000)
  eden space 387584K, 0% used [0x00000000d6400000,0x00000000d6400000,0x00000000ede80000)
  from space 141312K, 55% used [0x00000000f7080000,0x00000000fbd00508,0x00000000ffa80000)
  to   space 145408K, 0% used [0x00000000ede80000,0x00000000ede80000,0x00000000f6c80000)
 ParOldGen       total 181248K, used 102701K [0x0000000082c00000, 0x000000008dd00000, 0x00000000d6400000)
  object space 181248K, 56% used [0x0000000082c00000,0x000000008904b508,0x000000008dd00000)
 Metaspace       used 210504K, capacity 213446K, committed 213696K, reserved 1234944K
  class space    used 27839K, capacity 28587K, committed 28632K, reserved 1048576K
}
Event: 326.637 GC heap before
{Heap before GC invocations=39 (full 6):
 PSYoungGen      total 528896K, used 465921K [0x00000000d6400000, 0x00000000ffa80000, 0x0000000100000000)
  eden space 387584K, 100% used [0x00000000d6400000,0x00000000ede80000,0x00000000ede80000)
  from space 141312K, 55% used [0x00000000f7080000,0x00000000fbd00508,0x00000000ffa80000)
  to   space 145408K, 0% used [0x00000000ede80000,0x00000000ede80000,0x00000000f6c80000)
 ParOldGen       total 181248K, used 102701K [0x0000000082c00000, 0x000000008dd00000, 0x00000000d6400000)
  object space 181248K, 56% used [0x0000000082c00000,0x000000008904b508,0x000000008dd00000)
 Metaspace       used 219335K, capacity 222344K, committed 222656K, reserved 1243136K
  class space    used 29078K, capacity 29845K, committed 29912K, reserved 1048576K
Event: 326.711 GC heap after
Heap after GC invocations=39 (full 6):
 PSYoungGen      total 532992K, used 86309K [0x00000000d6400000, 0x0000000100000000, 0x0000000100000000)
  eden space 387584K, 0% used [0x00000000d6400000,0x00000000d6400000,0x00000000ede80000)
  from space 145408K, 59% used [0x00000000ede80000,0x00000000f32c95b0,0x00000000f6c80000)
  to   space 146944K, 0% used [0x00000000f7080000,0x00000000f7080000,0x0000000100000000)
 ParOldGen       total 181248K, used 105717K [0x0000000082c00000, 0x000000008dd00000, 0x00000000d6400000)
  object space 181248K, 58% used [0x0000000082c00000,0x000000008933d5f8,0x000000008dd00000)
 Metaspace       used 219335K, capacity 222344K, committed 222656K, reserved 1243136K
  class space    used 29078K, capacity 29845K, committed 29912K, reserved 1048576K
}
Event: 331.310 GC heap before
{Heap before GC invocations=40 (full 6):
 PSYoungGen      total 532992K, used 473893K [0x00000000d6400000, 0x0000000100000000, 0x0000000100000000)
  eden space 387584K, 100% used [0x00000000d6400000,0x00000000ede80000,0x00000000ede80000)
  from space 145408K, 59% used [0x00000000ede80000,0x00000000f32c95b0,0x00000000f6c80000)
  to   space 146944K, 0% used [0x00000000f7080000,0x00000000f7080000,0x0000000100000000)
 ParOldGen       total 181248K, used 105717K [0x0000000082c00000, 0x000000008dd00000, 0x00000000d6400000)
  object space 181248K, 58% used [0x0000000082c00000,0x000000008933d5f8,0x000000008dd00000)
 Metaspace       used 232155K, capacity 235360K, committed 235584K, reserved 1253376K
  class space    used 30774K, capacity 31573K, committed 31576K, reserved 1048576K
Event: 331.324 GC heap after
Heap after GC invocations=40 (full 6):
 PSYoungGen      total 537600K, used 16583K [0x00000000d6400000, 0x0000000100000000, 0x0000000100000000)
  eden space 390656K, 0% used [0x00000000d6400000,0x00000000d6400000,0x00000000ee180000)
  from space 146944K, 11% used [0x00000000f7080000,0x00000000f80b1f18,0x0000000100000000)
  to   space 146432K, 0% used [0x00000000ee180000,0x00000000ee180000,0x00000000f7080000)
 ParOldGen       total 181248K, used 109357K [0x0000000082c00000, 0x000000008dd00000, 0x00000000d6400000)
  object space 181248K, 60% used [0x0000000082c00000,0x00000000896cb448,0x000000008dd00000)
 Metaspace       used 232155K, capacity 235360K, committed 235584K, reserved 1253376K
  class space    used 30774K, capacity 31573K, committed 31576K, reserved 1048576K
}

Deoptimization events (10 events):
Event: 327.992 Thread 0x0000000003405000 Uncommon trap: reason=array_check action=maybe_recompile pc=0x000000000759f734 method=java.util.Arrays.fill([Ljava/lang/Object;Ljava/lang/Object;)V @ 13
Event: 327.992 Thread 0x0000000003405000 Uncommon trap: reason=array_check action=maybe_recompile pc=0x000000000759f734 method=java.util.Arrays.fill([Ljava/lang/Object;Ljava/lang/Object;)V @ 13
Event: 327.994 Thread 0x0000000003405000 Uncommon trap: reason=array_check action=maybe_recompile pc=0x000000000759f734 method=java.util.Arrays.fill([Ljava/lang/Object;Ljava/lang/Object;)V @ 13
Event: 327.994 Thread 0x0000000003405000 Uncommon trap: reason=array_check action=maybe_recompile pc=0x000000000759f734 method=java.util.Arrays.fill([Ljava/lang/Object;Ljava/lang/Object;)V @ 13
Event: 328.246 Thread 0x0000000003405000 Uncommon trap: reason=unstable_if action=reinterpret pc=0x0000000007623020 method=org.springframework.asm.Frame.merge(Lorg/springframework/asm/ClassWriter;I[II)Z @ 152
Event: 328.269 Thread 0x0000000003405000 Uncommon trap: reason=unstable_if action=reinterpret pc=0x0000000007646560 method=org.springframework.asm.Item.isEqualTo(Lorg/springframework/asm/Item;)Z @ 317
Event: 328.300 Thread 0x0000000003405000 Uncommon trap: reason=unstable_if action=reinterpret pc=0x0000000007648af0 method=org.springframework.asm.Type.getArgumentsAndReturnSizes(Ljava/lang/String;)I @ 47
Event: 328.451 Thread 0x0000000003405000 Uncommon trap: reason=unstable_if action=reinterpret pc=0x0000000007681228 method=org.springframework.asm.Item.isEqualTo(Lorg/springframework/asm/Item;)Z @ 169
Event: 329.139 Thread 0x0000000003405000 Uncommon trap: reason=unstable_if action=reinterpret pc=0x00000000073aaea8 method=org.springframework.asm.ClassReader.readCode(Lorg/springframework/asm/MethodVisitor;Lorg/springframework/asm/Context;I)V @ 799
Event: 329.987 Thread 0x0000000003405000 Uncommon trap: reason=null_check action=make_not_entrant pc=0x0000000007866cc4 method=org.springframework.core.annotation.AnnotatedElementUtils.searchWithFindSemantics(Ljava/lang/reflect/AnnotatedElement;Ljava/lang/Class;Ljava/lang/String;Ljava/lang/Class

Classes redefined (0 events):
No events

Internal exceptions (10 events):
Event: 331.901 Thread 0x000000001bb66800 Exception <a 'java/lang/OutOfMemoryError'> (0x00000000ebedee60) thrown at [C:\re\workspace\8-2-build-windows-amd64-cygwin\jdk8u161\10277\hotspot\src\share\vm\prims\jni.cpp, line 735]
Event: 331.902 Thread 0x000000001b3c3000 Exception <a 'java/lang/OutOfMemoryError'> (0x00000000ebf3d780) thrown at [C:\re\workspace\8-2-build-windows-amd64-cygwin\jdk8u161\10277\hotspot\src\share\vm\prims\jni.cpp, line 735]
Event: 331.902 Thread 0x000000001bb60800 Exception <a 'java/lang/OutOfMemoryError'> (0x00000000ebdcecb0) thrown at [C:\re\workspace\8-2-build-windows-amd64-cygwin\jdk8u161\10277\hotspot\src\share\vm\prims\jni.cpp, line 735]
Event: 331.903 Thread 0x000000001b3c5800 Exception <a 'java/lang/OutOfMemoryError'> (0x00000000ebe60908) thrown at [C:\re\workspace\8-2-build-windows-amd64-cygwin\jdk8u161\10277\hotspot\src\share\vm\prims\jni.cpp, line 735]
Event: 331.903 Thread 0x000000001bb69800 Exception <a 'java/lang/OutOfMemoryError'> (0x00000000ec193170) thrown at [C:\re\workspace\8-2-build-windows-amd64-cygwin\jdk8u161\10277\hotspot\src\share\vm\prims\jni.cpp, line 735]
Event: 331.903 Thread 0x000000001b3c1800 Exception <a 'java/lang/OutOfMemoryError'> (0x00000000eb9c1cf8) thrown at [C:\re\workspace\8-2-build-windows-amd64-cygwin\jdk8u161\10277\hotspot\src\share\vm\prims\jni.cpp, line 735]
Event: 331.903 Thread 0x000000001bb60800 StackOverflowError at 0x0000000003930000
Event: 331.903 Thread 0x000000001bb60800 Exception <a 'java/lang/StackOverflowError'> (0x00000000ebdcfaf8) thrown at [C:\re\workspace\8-2-build-windows-amd64-cygwin\jdk8u161\10277\hotspot\src\share\vm\runtime\sharedRuntime.cpp, line 605]
Event: 331.903 Thread 0x000000001bb60800 Exception <a 'java/lang/StackOverflowError'> (0x00000000ebdcfaf8) thrown at [C:\re\workspace\8-2-build-windows-amd64-cygwin\jdk8u161\10277\hotspot\src\share\vm\prims\jvm.cpp, line 1394]
Event: 331.904 Thread 0x000000001bb6d000 Exception <a 'java/lang/OutOfMemoryError': unable to create new native thread> (0x00000000ec2e9528) thrown at [C:\re\workspace\8-2-build-windows-amd64-cygwin\jdk8u161\10277\hotspot\src\share\vm\prims\jvm.cpp, line 3033]

Events (10 events):
Event: 331.902 loading class ch/qos/logback/classic/spi/ThrowableProxyUtil
Event: 331.902 loading class ch/qos/logback/classic/spi/ThrowableProxyUtil done
Event: 331.902 Thread 0x000000001bb62800 Thread added: 0x000000001bb62800
Event: 331.903 Thread 0x000000001bb6d000 Thread added: 0x000000001bb6d000
Event: 331.903 loading class ch/qos/logback/classic/spi/StackTraceElementProxy
Event: 331.903 loading class ch/qos/logback/classic/spi/StackTraceElementProxy done
Event: 331.903 loading class ch/qos/logback/classic/spi/PackagingDataCalculator
Event: 331.903 loading class ch/qos/logback/classic/spi/PackagingDataCalculator done
Event: 331.904 loading class ch/qos/logback/classic/spi/PackagingDataCalculator
Event: 331.904 loading class ch/qos/logback/classic/spi/PackagingDataCalculator done


Dynamic libraries:
0x00007ff6c8f00000 - 0x00007ff6c8f37000 	D:\Program Files\Java\jdk1.8.0_161\bin\java.exe
0x00007ffae90f0000 - 0x00007ffae92c1000 	C:\Windows\SYSTEM32\ntdll.dll
0x00007ffae6cc0000 - 0x00007ffae6d6b000 	C:\Windows\System32\KERNEL32.DLL
0x00007ffae5790000 - 0x00007ffae59ad000 	C:\Windows\System32\KERNELBASE.dll
0x00007ffae8e90000 - 0x00007ffae8f32000 	C:\Windows\System32\ADVAPI32.dll
0x00007ffae8df0000 - 0x00007ffae8e8e000 	C:\Windows\System32\msvcrt.dll
0x00007ffae8f50000 - 0x00007ffae8fa9000 	C:\Windows\System32\sechost.dll
0x00007ffae8c80000 - 0x00007ffae8da1000 	C:\Windows\System32\RPCRT4.dll
0x00007ffae8ab0000 - 0x00007ffae8c15000 	C:\Windows\System32\USER32.dll
0x00007ffae6220000 - 0x00007ffae623e000 	C:\Windows\System32\win32u.dll
0x00007ffae87a0000 - 0x00007ffae87d4000 	C:\Windows\System32\GDI32.dll
0x00007ffae59b0000 - 0x00007ffae5b32000 	C:\Windows\System32\gdi32full.dll
0x00007ffadab00000 - 0x00007ffadad7a000 	C:\Windows\WinSxS\amd64_microsoft.windows.common-controls_6595b64144ccf1df_6.0.14393.726_none_42181c01c683592f\COMCTL32.dll
0x00007ffae87e0000 - 0x00007ffae8aa8000 	C:\Windows\System32\combase.dll
0x00007ffae55e0000 - 0x00007ffae56d5000 	C:\Windows\System32\ucrtbase.dll
0x00007ffae6290000 - 0x00007ffae62fa000 	C:\Windows\System32\bcryptPrimitives.dll
0x00007ffae8db0000 - 0x00007ffae8dde000 	C:\Windows\System32\IMM32.DLL
0x000000006c100000 - 0x000000006c1d2000 	D:\Program Files\Java\jdk1.8.0_161\jre\bin\msvcr100.dll
0x000000006c3a0000 - 0x000000006cc3f000 	D:\Program Files\Java\jdk1.8.0_161\jre\bin\server\jvm.dll
0x00007ffae8f40000 - 0x00007ffae8f48000 	C:\Windows\System32\PSAPI.DLL
0x00007ffadc0f0000 - 0x00007ffadc0f9000 	C:\Windows\SYSTEM32\WSOCK32.dll
0x00007ffad8e70000 - 0x00007ffad8e7a000 	C:\Windows\SYSTEM32\VERSION.dll
0x00007ffae3530000 - 0x00007ffae3553000 	C:\Windows\SYSTEM32\WINMM.dll
0x00007ffae7220000 - 0x00007ffae728a000 	C:\Windows\System32\WS2_32.dll
0x00000000016b0000 - 0x00000000016db000 	C:\Windows\SYSTEM32\WINMMBASE.dll
0x00007ffae6240000 - 0x00007ffae6282000 	C:\Windows\System32\cfgmgr32.dll
0x000000006c2b0000 - 0x000000006c2bf000 	D:\Program Files\Java\jdk1.8.0_161\jre\bin\verify.dll
0x000000006c280000 - 0x000000006c2a9000 	D:\Program Files\Java\jdk1.8.0_161\jre\bin\java.dll
0x000000006c260000 - 0x000000006c276000 	D:\Program Files\Java\jdk1.8.0_161\jre\bin\zip.dll
0x00007ffae7290000 - 0x00007ffae8799000 	C:\Windows\System32\SHELL32.dll
0x00007ffae5b40000 - 0x00007ffae621a000 	C:\Windows\System32\windows.storage.dll
0x00007ffae5590000 - 0x00007ffae55dc000 	C:\Windows\System32\powrprof.dll
0x00007ffae6820000 - 0x00007ffae6872000 	C:\Windows\System32\shlwapi.dll
0x00007ffae5570000 - 0x00007ffae557f000 	C:\Windows\System32\kernel.appcore.dll
0x00007ffae56e0000 - 0x00007ffae5789000 	C:\Windows\System32\shcore.dll
0x00007ffae5550000 - 0x00007ffae5564000 	C:\Windows\System32\profapi.dll
0x000000006c240000 - 0x000000006c25a000 	D:\Program Files\Java\jdk1.8.0_161\jre\bin\net.dll
0x00007ffae4e50000 - 0x00007ffae4eac000 	C:\Windows\system32\mswsock.dll
0x00007ffad5880000 - 0x00007ffad5896000 	C:\Windows\system32\napinsp.dll
0x00007ffada210000 - 0x00007ffada22a000 	C:\Windows\system32\pnrpnsp.dll
0x00007ffadd010000 - 0x00007ffadd028000 	C:\Windows\system32\NLAapi.dll
0x00007ffae4bc0000 - 0x00007ffae4c60000 	C:\Windows\SYSTEM32\DNSAPI.dll
0x00007ffae8de0000 - 0x00007ffae8de8000 	C:\Windows\System32\NSI.dll
0x00007ffae4b80000 - 0x00007ffae4bb8000 	C:\Windows\SYSTEM32\IPHLPAPI.DLL
0x00007ffadd6d0000 - 0x00007ffadd6de000 	C:\Windows\System32\winrnr.dll
0x00007ffadd5d0000 - 0x00007ffadd5e5000 	C:\Windows\System32\wshbth.dll
0x00007ffad9240000 - 0x00007ffad924a000 	C:\Windows\System32\rasadhlp.dll
0x00007ffadd030000 - 0x00007ffadd09a000 	C:\Windows\System32\fwpuclnt.dll
0x00007ffae5490000 - 0x00007ffae54bb000 	C:\Windows\SYSTEM32\bcrypt.dll
0x000000006c1e0000 - 0x000000006c1ed000 	D:\Program Files\Java\jdk1.8.0_161\jre\bin\management.dll
0x000000006c1f0000 - 0x000000006c214000 	D:\Program Files\Java\jdk1.8.0_161\jre\bin\sunec.dll
0x00007ffadcfe0000 - 0x00007ffadcff6000 	C:\Windows\SYSTEM32\dhcpcsvc6.DLL
0x00007ffadcfc0000 - 0x00007ffadcfda000 	C:\Windows\SYSTEM32\dhcpcsvc.DLL
0x000000006c220000 - 0x000000006c231000 	D:\Program Files\Java\jdk1.8.0_161\jre\bin\nio.dll
0x000000006bd60000 - 0x000000006bd6b000 	D:\Program Files\Java\jdk1.8.0_161\jre\bin\sunmscapi.dll
0x00007ffae64b0000 - 0x00007ffae6679000 	C:\Windows\System32\CRYPT32.dll
0x00007ffae5580000 - 0x00007ffae5590000 	C:\Windows\System32\MSASN1.dll

VM Arguments:
jvm_args: -Djava.security.egd=file:/dev/./urandom -Dfile.encoding=GBK -Duser.country=CN -Duser.language=zh -Duser.variant 
java_command: org.akhikhl.gretty.Runner --servicePort=61579 --statusPort=61580 --serverManagerFactory=org.akhikhl.gretty.ServerManagerFactory
java_class_path (initial): C:\Users\Administrator\.gradle\caches\modules-2\files-2.1\org.akhikhl.gretty\gretty-runner-jetty9\2.0.0\d5765d2a96b10de69bcee02aec2486da13722e15\gretty-runner-jetty9-2.0.0.jar;C:\Users\Administrator\.gradle\caches\modules-2\files-2.1\org.akhikhl.gretty\gretty-runner-jetty\2.0.0\9b827d6d50030a0e1ae757078045258e04bf53d5\gretty-runner-jetty-2.0.0.jar;C:\Users\Administrator\.gradle\caches\modules-2\files-2.1\org.eclipse.jetty.websocket\javax-websocket-server-impl\9.2.22.v20170606\585c9c98840de232567001b0b942b86d7fb03b7d\javax-websocket-server-impl-9.2.22.v20170606.jar;C:\Users\Administrator\.gradle\caches\modules-2\files-2.1\org.eclipse.jetty\jetty-annotations\9.2.22.v20170606\11f0e1247e3e15bb0ddd76cf7ba401898b4122f2\jetty-annotations-9.2.22.v20170606.jar;C:\Users\Administrator\.gradle\caches\modules-2\files-2.1\org.eclipse.jetty\jetty-plus\9.2.22.v20170606\405532505073be1c3a939c472b3437ffbba1d004\jetty-plus-9.2.22.v20170606.jar;C:\Users\Administrator\.gradle\caches\modules-2\files-2.1\org.eclipse.jetty\jetty-webapp\9.2.22.v20170606\1b512e26860e651567a35abd12cfa3772bc61902\jetty-webapp-9.2.22.v20170606.jar;C:\Users\Administrator\.gradle\caches\modules-2\files-2.1\org.eclipse.jetty.websocket\websocket-server\9.2.22.v20170606\f62e43a84b2f99c142a3c4b50e4502f8495b7747\websocket-server-9.2.22.v20170606.jar;C:\Users\Administrator\.gradle\caches\modules-2\files-2.1\org.eclipse.jetty\jetty-servlet\9.2.22.v20170606\db0b1b9965a7627e376f17af311cf01c18d20a2f\jetty-servlet-9.2.22.v20170606.jar;C:\Users\Administrator\.gradle\caches\modules-2\files-2.1\org.eclipse.jetty\jetty-security\9.2.22.v20170606\489ec37fcbe2e7ed5d36f010cdc197c42e1181\jetty-security-9.2.22.v20170606.jar;C:\Users\Administrator\.gradle\caches\modules-2\files-2.1\org.eclipse.jetty\jetty-server\9.2.22.v20170606\f7d36a5ee7e68a7bbd0f404af90b4c1269c65c1\jetty-server-9.2.22.v20170606.jar;C:\Users\Administrator\.gradle\caches\modules-2\files-2.1\org.eclipse.jetty\jetty-jsp\9.2.22.v20170606\a90
Launcher Type: SUN_STANDARD

Environment Variables:
JAVA_HOME=D:\Program Files\Java\jdk1.8.0_161
CLASSPATH=D:/Program Files (x86)/gradle-4.6/lib/gradle-launcher-4.6.jar
PATH=D:\cygwin64\usr\local\bin;D:\cygwin64\bin;C:\Windows\system32;C:\Windows;C:\Windows\System32\Wbem;C:\Windows\System32\WindowsPowerShell\v1.0;C:\Users\Administrator\AppData\Local\Microsoft\WindowsApps;D:\Program Files\Java\jdk1.8.0_161\bin;D:\Program Files (x86)\gradle-4.6\bin
USERNAME=Administrator
SHELL=/bin/bash
OS=Windows_NT
PROCESSOR_IDENTIFIER=Intel64 Family 6 Model 94 Stepping 3, GenuineIntel



---------------  S Y S T E M  ---------------

OS: Windows 10.0 , 64 bit Build 14393 (10.0.14393.0)

CPU:total 8 (initial active 8) (4 cores per cpu, 2 threads per core) family 6 model 94 stepping 3, cmov, cx8, fxsr, mmx, sse, sse2, sse3, ssse3, sse4.1, sse4.2, popcnt, avx, avx2, aes, clmul, erms, rtm, 3dnowpref, lzcnt, ht, tsc, tscinvbit, bmi1, bmi2, adx

Memory: 4k page, physical 8202024k(1698804k free), swap 8202024k(3264k free)

vm_info: Java HotSpot(TM) 64-Bit Server VM (25.161-b12) for windows-amd64 JRE (1.8.0_161-b12), built on Dec 19 2017 17:52:25 by "java_re" with MS VC++ 10.0 (VS2010)

time: Thu Apr 26 13:51:08 2018
elapsed time: 331 seconds (0d 0h 5m 31s)

